Case #1: 98 98
Case #2: 939 101
Case #3: 999 91
Case #4: 996 89
Case #5: 997 75
Case #6: 998 90
Case #7: 989 53
Case #8: 409 6
Case #9: 921 5
Case #10: 651 8
Case #11: 427 6
Case #12: 948 5
Case #13: 63 5
Case #14: 962 5
Case #15: 51 4
Case #16: 955 5
Case #17: 952 7
Case #18: 838 5
Case #19: 847 6
Case #20: 614 3
Case #21: 755 3
Case #22: 621 11
Case #23: 829 14
Case #24: 806 14
Case #25: 43 10
Case #26: 820 11
Case #27: 832 14
Case #28: 412 16
Case #29: 858 17
Case #30: 262 19
Case #31: 819 11
Case #32: 754 7
Case #33: 693 4
Case #34: 772 5
Case #35: 259 7
Case #36: 788 4
Case #37: 40 4
Case #38: 785 4
Case #39: 179 4
Case #40: 662 4
Case #41: 851 8
Case #42: 780 5
Case #43: 370 5
Case #44: 168 5
Case #45: 535 5
Case #46: 39 5
Case #47: 792 6
Case #48: 643 5
Case #49: 800 5
Case #50: 801 5
